Using pre-set license
Built from '2020.3/staging' branch; Version is '2020.3.24f1 (79c78de19888) revision 7980941'; Using compiler version '192528614'; Build Type 'Release'
OS: 'Windows 11  (10.0.22000) 64bit Core' Language: 'en' Physical Memory: 16217 MB
BatchMode: 1, IsHumanControllingUs: 0, StartBugReporterOnCrash: 0, Is64bit: 1, IsPro: 0

COMMAND LINE ARGUMENTS:
C:\Program Files\Unity\Hub\Editor\2020.3.24f1\Editor\Unity.exe
-adb2
-batchMode
-noUpm
-name
AssetImportWorker0
-projectPath
C:/Users/kevin/Documents/GitHub/KevinHuang_MTEC2210Finalproject_SpaceInvader
-logFile
Logs/AssetImportWorker0.log
-srvPort
64028
Successfully changed project path to: C:/Users/kevin/Documents/GitHub/KevinHuang_MTEC2210Finalproject_SpaceInvader
C:/Users/kevin/Documents/GitHub/KevinHuang_MTEC2210Finalproject_SpaceInvader
Using Asset Import Pipeline V2.
Refreshing native plugins compatible for Editor in 23.34 ms, found 2 plugins.
Preloading 0 native plugins for Editor in 0.00 ms.
Initialize engine version: 2020.3.24f1 (79c78de19888)
[Subsystems] Discovering subsystems at path C:/Program Files/Unity/Hub/Editor/2020.3.24f1/Editor/Data/Resources/UnitySubsystems
[Subsystems] Discovering subsystems at path C:/Users/kevin/Documents/GitHub/KevinHuang_MTEC2210Finalproject_SpaceInvader/Assets
GfxDevice: creating device client; threaded=0
Direct3D:
    Version:  Direct3D 11.0 [level 11.1]
    Renderer: NVIDIA GeForce RTX 3070 (ID=0x2484)
    Vendor:   
    VRAM:     8043 MB
    Driver:   30.0.14.7111
Initialize mono
Mono path[0] = 'C:/Program Files/Unity/Hub/Editor/2020.3.24f1/Editor/Data/Managed'
Mono path[1] = 'C:/Program Files/Unity/Hub/Editor/2020.3.24f1/Editor/Data/MonoBleedingEdge/lib/mono/unityjit'
Mono config path = 'C:/Program Files/Unity/Hub/Editor/2020.3.24f1/Editor/Data/MonoBleedingEdge/etc'
Using monoOptions --debugger-agent=transport=dt_socket,embedding=1,server=y,suspend=n,address=127.0.0.1:56708
Begin MonoManager ReloadAssembly
Registering precompiled unity dll's ...
Register platform support module: C:/Program Files/Unity/Hub/Editor/2020.3.24f1/Editor/Data/PlaybackEngines/MacStandaloneSupport/UnityEditor.OSXStandalone.Extensions.dll
Register platform support module: C:/Program Files/Unity/Hub/Editor/2020.3.24f1/Editor/Data/PlaybackEngines/WindowsStandaloneSupport/UnityEditor.WindowsStandalone.Extensions.dll
Registered in 0.001262 seconds.
Native extension for WindowsStandalone target not found
Native extension for OSXStandalone target not found
Refreshing native plugins compatible for Editor in 22.45 ms, found 2 plugins.
Preloading 0 native plugins for Editor in 0.00 ms.
Mono: successfully reloaded assembly
- Completed reload, in  0.358 seconds
Domain Reload Profiling:
	ReloadAssembly (358ms)
		BeginReloadAssembly (30ms)
			ExecutionOrderSort (0ms)
			DisableScriptedObjects (0ms)
			BackupInstance (0ms)
			ReleaseScriptingObjects (0ms)
			CreateAndSetChildDomain (1ms)
		EndReloadAssembly (281ms)
			LoadAssemblies (29ms)
			RebuildTransferFunctionScriptingTraits (0ms)
			SetupTypeCache (94ms)
			ReleaseScriptCaches (0ms)
			RebuildScriptCaches (19ms)
			SetupLoadedEditorAssemblies (103ms)
				LogAssemblyErrors (0ms)
				InitializePlatformSupportModulesInManaged (4ms)
				SetLoadedEditorAssemblies (0ms)
				RefreshPlugins (23ms)
				BeforeProcessingInitializeOnLoad (5ms)
				ProcessInitializeOnLoadAttributes (54ms)
				ProcessInitializeOnLoadMethodAttributes (17ms)
				AfterProcessingInitializeOnLoad (0ms)
				EditorAssembliesLoaded (0ms)
			ExecutionOrderSort2 (0ms)
			AwakeInstancesAfterBackupRestoration (0ms)
Platform modules already initialized, skipping
Registering precompiled user dll's ...
Registered in 0.002304 seconds.
Begin MonoManager ReloadAssembly
Native extension for WindowsStandalone target not found
Native extension for OSXStandalone target not found
Refreshing native plugins compatible for Editor in 0.25 ms, found 2 plugins.
Preloading 0 native plugins for Editor in 0.00 ms.
Mono: successfully reloaded assembly
- Completed reload, in  0.624 seconds
Domain Reload Profiling:
	ReloadAssembly (625ms)
		BeginReloadAssembly (91ms)
			ExecutionOrderSort (0ms)
			DisableScriptedObjects (3ms)
			BackupInstance (0ms)
			ReleaseScriptingObjects (0ms)
			CreateAndSetChildDomain (19ms)
		EndReloadAssembly (494ms)
			LoadAssemblies (51ms)
			RebuildTransferFunctionScriptingTraits (0ms)
			SetupTypeCache (179ms)
			ReleaseScriptCaches (0ms)
			RebuildScriptCaches (26ms)
			SetupLoadedEditorAssemblies (184ms)
				LogAssemblyErrors (0ms)
				InitializePlatformSupportModulesInManaged (3ms)
				SetLoadedEditorAssemblies (0ms)
				RefreshPlugins (0ms)
				BeforeProcessingInitializeOnLoad (33ms)
				ProcessInitializeOnLoadAttributes (139ms)
				ProcessInitializeOnLoadMethodAttributes (6ms)
				AfterProcessingInitializeOnLoad (3ms)
				EditorAssembliesLoaded (0ms)
			ExecutionOrderSort2 (0ms)
			AwakeInstancesAfterBackupRestoration (4ms)
Platform modules already initialized, skipping
========================================================================
Worker process is ready to serve import requests
Launched and connected shader compiler UnityShaderCompiler.exe after 0.04 seconds
Refreshing native plugins compatible for Editor in 0.27 ms, found 2 plugins.
Preloading 0 native plugins for Editor in 0.00 ms.
Unloading 1519 Unused Serialized files (Serialized files now loaded: 0)
System memory in use before: 71.3 MB.
System memory in use after: 71.4 MB.

Unloading 19 unused Assets to reduce memory usage. Loaded Objects now: 1950.
Total: 2.465300 ms (FindLiveObjects: 0.128400 ms CreateObjectMapping: 0.046200 ms MarkObjects: 2.219600 ms  DeleteObjects: 0.069600 ms)

AssetImportParameters requested are different than current active one (requested -> active):
  custom:framework-win-MediaFoundation: 216162199b28c13a410421893ffa2e32 -> 
  custom:video-decoder-ogg-theora: a1e56fd34408186e4bbccfd4996cb3dc -> 
  custom:container-muxer-webm: aa71ff27fc2769a1b78a27578f13a17b -> 
  custom:container-demuxer-webm: 4f35f7cbe854078d1ac9338744f61a02 -> 
  custom:container-demuxer-ogg: 62fdf1f143b41e24485cea50d1cbac27 -> 
  custom:video-encoder-webm-vp8: eb34c28f22e8b96e1ab97ce403110664 -> 
  custom:video-codec-MediaFoundation-h265: 746d11721c4dcdbdad8f713fa42b33f4 -> 
  custom:video-decoder-webm-vp8: 9c59270c3fd7afecdb556c50c9e8de78 -> 
  custom:audio-decoder-ogg-vorbis: bf7c407c2cedff20999df2af8eb42d56 -> 
  custom:audio-encoder-webm-vorbis: bf7c407c2cedff20999df2af8eb42d56 -> 
========================================================================
Received Import Request.
  path: Assets/Scripts/BulletScript.cs
  artifactKey: Guid(254fc2711f135ac41a1a233f9d9faa5b) Importer(815301076,1909f56bfc062723c751e8b465ee728b)
Start importing Assets/Scripts/BulletScript.cs using Guid(254fc2711f135ac41a1a233f9d9faa5b) Importer(815301076,1909f56bfc062723c751e8b465ee728b)  -> (artifact id: 'd13459a10c7e7ee90ad6626c382e84cc') in 0.021486 seconds 
  Import took 0.023927 seconds .

========================================================================
Received Import Request.
  Time since last request: 15.678407 seconds.
  path: Assets/Scripts/Invader.cs
  artifactKey: Guid(49dcc21445a251241a062696f7da946e) Importer(815301076,1909f56bfc062723c751e8b465ee728b)
Start importing Assets/Scripts/Invader.cs using Guid(49dcc21445a251241a062696f7da946e) Importer(815301076,1909f56bfc062723c751e8b465ee728b)  -> (artifact id: '00b4b671487531e2106b41d61293a144') in 0.006914 seconds 
  Import took 0.009171 seconds .

========================================================================
Received Import Request.
  Time since last request: 1.090990 seconds.
  path: Assets/Scripts/EnemiesScript.cs
  artifactKey: Guid(9f02101cdcafe624f91521c6726178b2) Importer(815301076,1909f56bfc062723c751e8b465ee728b)
Start importing Assets/Scripts/EnemiesScript.cs using Guid(9f02101cdcafe624f91521c6726178b2) Importer(815301076,1909f56bfc062723c751e8b465ee728b)  -> (artifact id: '03dae6cdccefd71c1a1287c36bc12ddb') in 0.008864 seconds 
  Import took 0.010969 seconds .

========================================================================
Received Import Request.
  Time since last request: 4.523945 seconds.
  path: Assets/Scripts/Invaders.cs
  artifactKey: Guid(9f02101cdcafe624f91521c6726178b2) Importer(815301076,1909f56bfc062723c751e8b465ee728b)
Start importing Assets/Scripts/Invaders.cs using Guid(9f02101cdcafe624f91521c6726178b2) Importer(815301076,1909f56bfc062723c751e8b465ee728b)  -> (artifact id: 'e29965402ca54c4509a24a01e5283a32') in 0.006453 seconds 
  Import took 0.008466 seconds .

========================================================================
Received Import Request.
  Time since last request: 19.583005 seconds.
  path: Assets/Scripts/Invader.cs
  artifactKey: Guid(49dcc21445a251241a062696f7da946e) Importer(815301076,1909f56bfc062723c751e8b465ee728b)
Start importing Assets/Scripts/Invader.cs using Guid(49dcc21445a251241a062696f7da946e) Importer(815301076,1909f56bfc062723c751e8b465ee728b)  -> (artifact id: '7efb9a630952a45f876b561ef7518686') in 0.002667 seconds 
  Import took 0.004810 seconds .

========================================================================
Received Import Request.
  Time since last request: 8.639747 seconds.
  path: Assets/Scripts/Invaders.cs
  artifactKey: Guid(9f02101cdcafe624f91521c6726178b2) Importer(815301076,1909f56bfc062723c751e8b465ee728b)
Start importing Assets/Scripts/Invaders.cs using Guid(9f02101cdcafe624f91521c6726178b2) Importer(815301076,1909f56bfc062723c751e8b465ee728b)  -> (artifact id: '87ae30f1e8251367b1b7240ac3e4554e') in 0.002593 seconds 
  Import took 0.004955 seconds .

========================================================================
Received Import Request.
  Time since last request: 55.088605 seconds.
  path: Assets/Scripts/Invaders.cs
  artifactKey: Guid(9f02101cdcafe624f91521c6726178b2) Importer(815301076,1909f56bfc062723c751e8b465ee728b)
Start importing Assets/Scripts/Invaders.cs using Guid(9f02101cdcafe624f91521c6726178b2) Importer(815301076,1909f56bfc062723c751e8b465ee728b)  -> (artifact id: '662e0b1efbfdbda3466923e214935351') in 0.002957 seconds 
  Import took 0.005152 seconds .

========================================================================
Received Import Request.
  Time since last request: 66.671201 seconds.
  path: Assets/Scripts/Invaders.cs
  artifactKey: Guid(9f02101cdcafe624f91521c6726178b2) Importer(815301076,1909f56bfc062723c751e8b465ee728b)
Start importing Assets/Scripts/Invaders.cs using Guid(9f02101cdcafe624f91521c6726178b2) Importer(815301076,1909f56bfc062723c751e8b465ee728b)  -> (artifact id: '8177c697c6d054be166eb08f912eac3b') in 0.002952 seconds 
  Import took 0.004887 seconds .

========================================================================
Received Import Request.
  Time since last request: 1402.411852 seconds.
  path: Assets/Prefabs/Enemy1A.prefab
  artifactKey: Guid(5a5dffedebb44470b81bb95fd2588879) Importer(815301076,1909f56bfc062723c751e8b465ee728b)
Start importing Assets/Prefabs/Enemy1A.prefab using Guid(5a5dffedebb44470b81bb95fd2588879) Importer(815301076,1909f56bfc062723c751e8b465ee728b)  -> (artifact id: '1d3450a5495ae54d532d84ff875d58db') in 0.061568 seconds 
  Import took 0.064411 seconds .

========================================================================
Received Import Request.
  Time since last request: 0.000214 seconds.
  path: Assets/Prefabs/PBullet.prefab
  artifactKey: Guid(e82b8838abe931041abe11922e858eb9) Importer(815301076,1909f56bfc062723c751e8b465ee728b)
Start importing Assets/Prefabs/PBullet.prefab using Guid(e82b8838abe931041abe11922e858eb9) Importer(815301076,1909f56bfc062723c751e8b465ee728b)  -> (artifact id: '5332b68b5c1548885bc193bfa51b9440') in 0.023156 seconds 
  Import took 0.025280 seconds .

========================================================================
Received Import Request.
  Time since last request: 0.000156 seconds.
  path: Assets/Prefabs/Enemy3.prefab
  artifactKey: Guid(df1f48a1be11c470f8bc52e6e98403c5) Importer(815301076,1909f56bfc062723c751e8b465ee728b)
Start importing Assets/Prefabs/Enemy3.prefab using Guid(df1f48a1be11c470f8bc52e6e98403c5) Importer(815301076,1909f56bfc062723c751e8b465ee728b)  -> (artifact id: '7884a3421c0e7ddea1bbc12f92fa8802') in 0.039154 seconds 
  Import took 0.041212 seconds .

========================================================================
Received Import Request.
  Time since last request: 0.000238 seconds.
  path: Assets/Prefabs/Enemy2B.prefab
  artifactKey: Guid(4c731968c14c1431f9b16525a33d8d20) Importer(815301076,1909f56bfc062723c751e8b465ee728b)
Start importing Assets/Prefabs/Enemy2B.prefab using Guid(4c731968c14c1431f9b16525a33d8d20) Importer(815301076,1909f56bfc062723c751e8b465ee728b)  -> (artifact id: '33e6b9f87b364fd771c236db69fb1abf') in 0.012298 seconds 
  Import took 0.014587 seconds .

========================================================================
Received Import Request.
  Time since last request: 0.000246 seconds.
  path: Assets/Prefabs/Enemy2A.prefab
  artifactKey: Guid(0b41e334d4f9a48b09630cedb1f65b2f) Importer(815301076,1909f56bfc062723c751e8b465ee728b)
Start importing Assets/Prefabs/Enemy2A.prefab using Guid(0b41e334d4f9a48b09630cedb1f65b2f) Importer(815301076,1909f56bfc062723c751e8b465ee728b)  -> (artifact id: '289a0aa7529b13e1f353585fdde64c05') in 0.011417 seconds 
  Import took 0.013590 seconds .

========================================================================
Received Import Request.
  Time since last request: 0.000215 seconds.
  path: Assets/Prefabs/Enemy1B.prefab
  artifactKey: Guid(3117e244bf2cc40498af59f79a0417be) Importer(815301076,1909f56bfc062723c751e8b465ee728b)
Start importing Assets/Prefabs/Enemy1B.prefab using Guid(3117e244bf2cc40498af59f79a0417be) Importer(815301076,1909f56bfc062723c751e8b465ee728b)  -> (artifact id: '672f57027a6cff396dc28a5d5fa71599') in 0.010233 seconds 
  Import took 0.012613 seconds .

AssetImportWorkerClient::OnTransportError - code=2 error=End of file
